{
  "0 debug pnpm:scope": {
    "selected": 1
  },
  "1 error pnpm": {
    "errno": 1,
    "code": "ELIFECYCLE",
    "pkgid": "cra-template-rc@0.1.0",
    "stage": "dev",
    "script": "react-scripts start",
    "pkgname": "cra-template-rc",
    "err": {
      "name": "pnpm",
      "message": "cra-template-rc@0.1.0 dev: `react-scripts start`\nExit status 1",
      "code": "ELIFECYCLE",
      "stack": "pnpm: cra-template-rc@0.1.0 dev: `react-scripts start`\nExit status 1\n    at EventEmitter.<anonymous> (C:\\Users\\rupay\\AppData\\Roaming\\npm\\pnpm-global\\5\\node_modules\\.pnpm\\pnpm@6.22.2\\node_modules\\pnpm\\dist\\pnpm.cjs:103408:20)\n    at EventEmitter.emit (node:events:365:28)\n    at ChildProcess.<anonymous> (C:\\Users\\rupay\\AppData\\Roaming\\npm\\pnpm-global\\5\\node_modules\\.pnpm\\pnpm@6.22.2\\node_modules\\pnpm\\dist\\pnpm.cjs:91337:18)\n    at ChildProcess.emit (node:events:365:28)\n    at maybeClose (node:internal/child_process:1067:16)\n    at Process.ChildProcess._handle.onexit (node:internal/child_process:301:5)"
    }
  },
  "2 warn pnpm:global": " Local package.json exists, but node_modules missing, did you mean to install?"
}